               MODEL: walk_subject01
         coordinates: 10
              forces: 18
           actuators: 18
             muscles: 18
            analyses: 0
              probes: 0
              bodies: 13
              joints: 12
         constraints: 0
             markers: 39
         controllers: 0
  contact geometries: 0
misc modelcomponents: 0
Running tool subject01_walk_IK.

Storage: file=C:\OpenSim 3.3\Models\Gait10dof18musc\OutputReference\IK\subject01_walk_IK.mot (nr=151 nc=11)


Low-pass filtering coordinates data with a cutoff frequency of 6...

Storage: file=subject01_walk_grf.mot (nr=1501 nc=19)
ExternalForce::right
Data source being set to subject01_walk1_grf.mot
ExternalForce::left
Data source being set to subject01_walk1_grf.mot
InverseDynamicsTool: 55 time frames in 0.34s

No external loads will be applied (external loads file not specified).

Loading coordinates from file C:\OpenSim 3.3\Models\Gait10dof18musc\OutputReference\IK\subject01_walk_IK.mot.
Storage: file=C:\OpenSim 3.3\Models\Gait10dof18musc\OutputReference\IK\subject01_walk_IK.mot (nr=151 nc=11)
Found 151 state vectors with time stamps ranging from 0 to 2.5.
Executing the analyses from 0.7 to 1.4...
Printing results of investigation subject01_walk_IK to C:\Users\u0113530\Documents\MuscleRedundancy\solvemuscleredundancy_dev\Examples\OpenSimInstallation_Gait10dof18m\Results\MuscleAnalysis.
               MODEL: walk_subject01
         coordinates: 10
              forces: 18
           actuators: 18
             muscles: 18
            analyses: 0
              probes: 0
              bodies: 13
              joints: 12
         constraints: 0
             markers: 39
         controllers: 0
  contact geometries: 0
misc modelcomponents: 0
Running tool subject01_walk_IK.

Storage: file=C:\OpenSim 3.3\Models\Gait10dof18musc\OutputReference\IK\subject01_walk_IK.mot (nr=151 nc=11)


Low-pass filtering coordinates data with a cutoff frequency of 6...

Storage: file=subject01_walk_grf.mot (nr=1501 nc=19)
ExternalForce::right
Data source being set to subject01_walk1_grf.mot
ExternalForce::left
Data source being set to subject01_walk1_grf.mot
InverseDynamicsTool: 55 time frames in 0.672s

No external loads will be applied (external loads file not specified).

Loading coordinates from file C:\OpenSim 3.3\Models\Gait10dof18musc\OutputReference\IK\subject01_walk_IK.mot.
Storage: file=C:\OpenSim 3.3\Models\Gait10dof18musc\OutputReference\IK\subject01_walk_IK.mot (nr=151 nc=11)
Found 151 state vectors with time stamps ranging from 0 to 2.5.
Executing the analyses from 0.7 to 1.4...
Printing results of investigation subject01_walk_IK to C:\Users\u0113530\Documents\MuscleRedundancy\solvemuscleredundancy_dev\Examples\OpenSimInstallation_Gait10dof18m\Results\MuscleAnalysis.
               MODEL: walk_subject01
         coordinates: 10
              forces: 18
           actuators: 18
             muscles: 18
            analyses: 0
              probes: 0
              bodies: 13
              joints: 12
         constraints: 0
             markers: 39
         controllers: 0
  contact geometries: 0
misc modelcomponents: 0
Running tool subject01_walk_IK.

Storage: file=C:\OpenSim 3.3\Models\Gait10dof18musc\OutputReference\IK\subject01_walk_IK.mot (nr=151 nc=11)


Low-pass filtering coordinates data with a cutoff frequency of 6...

Storage: file=subject01_walk_grf.mot (nr=1501 nc=19)
ExternalForce::right
Data source being set to subject01_walk1_grf.mot
ExternalForce::left
Data source being set to subject01_walk1_grf.mot
InverseDynamicsTool: 55 time frames in 0.167s

No external loads will be applied (external loads file not specified).

Loading coordinates from file C:\OpenSim 3.3\Models\Gait10dof18musc\OutputReference\IK\subject01_walk_IK.mot.
Storage: file=C:\OpenSim 3.3\Models\Gait10dof18musc\OutputReference\IK\subject01_walk_IK.mot (nr=151 nc=11)
Found 151 state vectors with time stamps ranging from 0 to 2.5.
Executing the analyses from 0.7 to 1.4...
Printing results of investigation subject01_walk_IK to C:\Users\u0113530\Documents\MuscleRedundancy\solvemuscleredundancy_dev\Examples\OpenSimInstallation_Gait10dof18m\Results\MuscleAnalysis.
               MODEL: walk_subject01
         coordinates: 10
              forces: 18
           actuators: 18
             muscles: 18
            analyses: 0
              probes: 0
              bodies: 13
              joints: 12
         constraints: 0
             markers: 39
         controllers: 0
  contact geometries: 0
misc modelcomponents: 0
Running tool subject01_walk_IK.

Storage: file=C:\OpenSim 3.3\Models\Gait10dof18musc\OutputReference\IK\subject01_walk_IK.mot (nr=151 nc=11)


Low-pass filtering coordinates data with a cutoff frequency of 6...

Storage: file=subject01_walk_grf.mot (nr=1501 nc=19)
ExternalForce::right
Data source being set to subject01_walk1_grf.mot
ExternalForce::left
Data source being set to subject01_walk1_grf.mot
InverseDynamicsTool: 55 time frames in 0.195s

No external loads will be applied (external loads file not specified).

Loading coordinates from file C:\OpenSim 3.3\Models\Gait10dof18musc\OutputReference\IK\subject01_walk_IK.mot.
Storage: file=C:\OpenSim 3.3\Models\Gait10dof18musc\OutputReference\IK\subject01_walk_IK.mot (nr=151 nc=11)
Found 151 state vectors with time stamps ranging from 0 to 2.5.
Executing the analyses from 0.7 to 1.4...
Printing results of investigation subject01_walk_IK to C:\Users\u0113530\Documents\MuscleRedundancy\solvemuscleredundancy_dev\Examples\OpenSimInstallation_Gait10dof18m\Results\MuscleAnalysis.
               MODEL: walk_subject01
         coordinates: 10
              forces: 18
           actuators: 18
             muscles: 18
            analyses: 0
              probes: 0
              bodies: 13
              joints: 12
         constraints: 0
             markers: 39
         controllers: 0
  contact geometries: 0
misc modelcomponents: 0
Running tool subject01_walk_IK.

Storage: file=C:\OpenSim 3.3\Models\Gait10dof18musc\OutputReference\IK\subject01_walk_IK.mot (nr=151 nc=11)


Low-pass filtering coordinates data with a cutoff frequency of 6...

Storage: file=subject01_walk_grf.mot (nr=1501 nc=19)
ExternalForce::right
Data source being set to subject01_walk1_grf.mot
ExternalForce::left
Data source being set to subject01_walk1_grf.mot
InverseDynamicsTool: 55 time frames in 0.169s

No external loads will be applied (external loads file not specified).

Loading coordinates from file C:\OpenSim 3.3\Models\Gait10dof18musc\OutputReference\IK\subject01_walk_IK.mot.
Storage: file=C:\OpenSim 3.3\Models\Gait10dof18musc\OutputReference\IK\subject01_walk_IK.mot (nr=151 nc=11)
Found 151 state vectors with time stamps ranging from 0 to 2.5.
Executing the analyses from 0.7 to 1.4...
Printing results of investigation subject01_walk_IK to C:\Users\u0113530\Documents\MuscleRedundancy\solvemuscleredundancy_dev\Examples\OpenSimInstallation_Gait10dof18m\Results\MuscleAnalysis.
               MODEL: walk_subject01
         coordinates: 10
              forces: 18
           actuators: 18
             muscles: 18
            analyses: 0
              probes: 0
              bodies: 13
              joints: 12
         constraints: 0
             markers: 39
         controllers: 0
  contact geometries: 0
misc modelcomponents: 0
Running tool subject01_walk_IK.

Storage: file=C:\OpenSim 3.3\Models\Gait10dof18musc\OutputReference\IK\subject01_walk_IK.mot (nr=151 nc=11)


Low-pass filtering coordinates data with a cutoff frequency of 6...

Storage: file=subject01_walk_grf.mot (nr=1501 nc=19)
ExternalForce::right
Data source being set to subject01_walk1_grf.mot
ExternalForce::left
Data source being set to subject01_walk1_grf.mot
InverseDynamicsTool: 55 time frames in 0.19s

No external loads will be applied (external loads file not specified).

Loading coordinates from file C:\OpenSim 3.3\Models\Gait10dof18musc\OutputReference\IK\subject01_walk_IK.mot.
Storage: file=C:\OpenSim 3.3\Models\Gait10dof18musc\OutputReference\IK\subject01_walk_IK.mot (nr=151 nc=11)
Found 151 state vectors with time stamps ranging from 0 to 2.5.
Executing the analyses from 0.7 to 1.4...
Printing results of investigation subject01_walk_IK to C:\Users\u0113530\Documents\MuscleRedundancy\solvemuscleredundancy_dev\Examples\OpenSimInstallation_Gait10dof18m\Results\MuscleAnalysis.
               MODEL: walk_subject01
         coordinates: 10
              forces: 18
           actuators: 18
             muscles: 18
            analyses: 0
              probes: 0
              bodies: 13
              joints: 12
         constraints: 0
             markers: 39
         controllers: 0
  contact geometries: 0
misc modelcomponents: 0
Running tool subject01_walk_IK.

Storage: file=C:\OpenSim 3.3\Models\Gait10dof18musc\OutputReference\IK\subject01_walk_IK.mot (nr=151 nc=11)


Low-pass filtering coordinates data with a cutoff frequency of 6...

Storage: file=subject01_walk_grf.mot (nr=1501 nc=19)
ExternalForce::right
Data source being set to subject01_walk1_grf.mot
ExternalForce::left
Data source being set to subject01_walk1_grf.mot
InverseDynamicsTool: 55 time frames in 0.172s

No external loads will be applied (external loads file not specified).

Loading coordinates from file C:\OpenSim 3.3\Models\Gait10dof18musc\OutputReference\IK\subject01_walk_IK.mot.
Storage: file=C:\OpenSim 3.3\Models\Gait10dof18musc\OutputReference\IK\subject01_walk_IK.mot (nr=151 nc=11)
Found 151 state vectors with time stamps ranging from 0 to 2.5.
Executing the analyses from 0.7 to 1.4...
Printing results of investigation subject01_walk_IK to C:\Users\u0113530\Documents\MuscleRedundancy\solvemuscleredundancy_dev\Examples\OpenSimInstallation_Gait10dof18m\Results\MuscleAnalysis.
               MODEL: walk_subject01
         coordinates: 10
              forces: 18
           actuators: 18
             muscles: 18
            analyses: 0
              probes: 0
              bodies: 13
              joints: 12
         constraints: 0
             markers: 39
         controllers: 0
  contact geometries: 0
misc modelcomponents: 0
Running tool subject01_walk_IK.

Storage: file=C:\OpenSim 3.3\Models\Gait10dof18musc\OutputReference\IK\subject01_walk_IK.mot (nr=151 nc=11)


Low-pass filtering coordinates data with a cutoff frequency of 6...

Storage: file=subject01_walk_grf.mot (nr=1501 nc=19)
ExternalForce::right
Data source being set to subject01_walk1_grf.mot
ExternalForce::left
Data source being set to subject01_walk1_grf.mot
InverseDynamicsTool: 55 time frames in 0.172s

No external loads will be applied (external loads file not specified).

Loading coordinates from file C:\OpenSim 3.3\Models\Gait10dof18musc\OutputReference\IK\subject01_walk_IK.mot.
Storage: file=C:\OpenSim 3.3\Models\Gait10dof18musc\OutputReference\IK\subject01_walk_IK.mot (nr=151 nc=11)
Found 151 state vectors with time stamps ranging from 0 to 2.5.
Executing the analyses from 0.7 to 1.4...
Printing results of investigation subject01_walk_IK to C:\Users\u0113530\Documents\MuscleRedundancy\solvemuscleredundancy_dev\Examples\OpenSimInstallation_Gait10dof18m\Results\MuscleAnalysis.
               MODEL: walk_subject01
         coordinates: 10
              forces: 18
           actuators: 18
             muscles: 18
            analyses: 0
              probes: 0
              bodies: 13
              joints: 12
         constraints: 0
             markers: 39
         controllers: 0
  contact geometries: 0
misc modelcomponents: 0
Running tool subject01_walk_IK.

Storage: file=C:\OpenSim 3.3\Models\Gait10dof18musc\OutputReference\IK\subject01_walk_IK.mot (nr=151 nc=11)


Low-pass filtering coordinates data with a cutoff frequency of 6...

Storage: file=subject01_walk_grf.mot (nr=1501 nc=19)
ExternalForce::right
Data source being set to subject01_walk1_grf.mot
ExternalForce::left
Data source being set to subject01_walk1_grf.mot
InverseDynamicsTool: 55 time frames in 0.174s

No external loads will be applied (external loads file not specified).

Loading coordinates from file C:\OpenSim 3.3\Models\Gait10dof18musc\OutputReference\IK\subject01_walk_IK.mot.
Storage: file=C:\OpenSim 3.3\Models\Gait10dof18musc\OutputReference\IK\subject01_walk_IK.mot (nr=151 nc=11)
Found 151 state vectors with time stamps ranging from 0 to 2.5.
Executing the analyses from 0.7 to 1.4...
Printing results of investigation subject01_walk_IK to C:\Users\u0113530\Documents\MuscleRedundancy\solvemuscleredundancy_dev\Examples\OpenSimInstallation_Gait10dof18m\Results\MuscleAnalysis.
               MODEL: walk_subject01
         coordinates: 10
              forces: 18
           actuators: 18
             muscles: 18
            analyses: 0
              probes: 0
              bodies: 13
              joints: 12
         constraints: 0
             markers: 39
         controllers: 0
  contact geometries: 0
misc modelcomponents: 0
Running tool subject01_walk_IK.

Storage: file=C:\OpenSim 3.3\Models\Gait10dof18musc\OutputReference\IK\subject01_walk_IK.mot (nr=151 nc=11)


Low-pass filtering coordinates data with a cutoff frequency of 6...

Storage: file=subject01_walk_grf.mot (nr=1501 nc=19)
ExternalForce::right
Data source being set to subject01_walk1_grf.mot
ExternalForce::left
Data source being set to subject01_walk1_grf.mot
InverseDynamicsTool: 55 time frames in 0.198s

No external loads will be applied (external loads file not specified).

Loading coordinates from file C:\OpenSim 3.3\Models\Gait10dof18musc\OutputReference\IK\subject01_walk_IK.mot.
Storage: file=C:\OpenSim 3.3\Models\Gait10dof18musc\OutputReference\IK\subject01_walk_IK.mot (nr=151 nc=11)
Found 151 state vectors with time stamps ranging from 0 to 2.5.
Executing the analyses from 0.7 to 1.4...
Printing results of investigation subject01_walk_IK to C:\Users\u0113530\Documents\MuscleRedundancy\solvemuscleredundancy_dev\Examples\OpenSimInstallation_Gait10dof18m\Results\MuscleAnalysis.
               MODEL: walk_subject01
         coordinates: 10
              forces: 18
           actuators: 18
             muscles: 18
            analyses: 0
              probes: 0
              bodies: 13
              joints: 12
         constraints: 0
             markers: 39
         controllers: 0
  contact geometries: 0
misc modelcomponents: 0
Running tool subject01_walk_IK.

Storage: file=C:\OpenSim 3.3\Models\Gait10dof18musc\OutputReference\IK\subject01_walk_IK.mot (nr=151 nc=11)


Low-pass filtering coordinates data with a cutoff frequency of 6...

Storage: file=subject01_walk_grf.mot (nr=1501 nc=19)
ExternalForce::right
Data source being set to subject01_walk1_grf.mot
ExternalForce::left
Data source being set to subject01_walk1_grf.mot
InverseDynamicsTool: 55 time frames in 0.17s

No external loads will be applied (external loads file not specified).

Loading coordinates from file C:\OpenSim 3.3\Models\Gait10dof18musc\OutputReference\IK\subject01_walk_IK.mot.
Storage: file=C:\OpenSim 3.3\Models\Gait10dof18musc\OutputReference\IK\subject01_walk_IK.mot (nr=151 nc=11)
Found 151 state vectors with time stamps ranging from 0 to 2.5.
Executing the analyses from 0.7 to 1.4...
Printing results of investigation subject01_walk_IK to C:\Users\u0113530\Documents\MuscleRedundancy\solvemuscleredundancy_dev\Examples\OpenSimInstallation_Gait10dof18m\Results\MuscleAnalysis.
               MODEL: walk_subject01
         coordinates: 10
              forces: 18
           actuators: 18
             muscles: 18
            analyses: 0
              probes: 0
              bodies: 13
              joints: 12
         constraints: 0
             markers: 39
         controllers: 0
  contact geometries: 0
misc modelcomponents: 0
Running tool subject01_walk_IK.

Storage: file=C:\OpenSim 3.3\Models\Gait10dof18musc\OutputReference\IK\subject01_walk_IK.mot (nr=151 nc=11)


Low-pass filtering coordinates data with a cutoff frequency of 6...

Storage: file=subject01_walk_grf.mot (nr=1501 nc=19)
ExternalForce::right
Data source being set to subject01_walk1_grf.mot
ExternalForce::left
Data source being set to subject01_walk1_grf.mot
InverseDynamicsTool: 55 time frames in 0.176s

No external loads will be applied (external loads file not specified).

Loading coordinates from file C:\OpenSim 3.3\Models\Gait10dof18musc\OutputReference\IK\subject01_walk_IK.mot.
Storage: file=C:\OpenSim 3.3\Models\Gait10dof18musc\OutputReference\IK\subject01_walk_IK.mot (nr=151 nc=11)
Found 151 state vectors with time stamps ranging from 0 to 2.5.
Executing the analyses from 0.7 to 1.4...
Printing results of investigation subject01_walk_IK to C:\Users\u0113530\Documents\MuscleRedundancy\solvemuscleredundancy_dev\Examples\OpenSimInstallation_Gait10dof18m\Results\MuscleAnalysis.
               MODEL: walk_subject01
         coordinates: 10
              forces: 18
           actuators: 18
             muscles: 18
            analyses: 0
              probes: 0
              bodies: 13
              joints: 12
         constraints: 0
             markers: 39
         controllers: 0
  contact geometries: 0
misc modelcomponents: 0
Running tool subject01_walk_IK.

Storage: file=C:\OpenSim 3.3\Models\Gait10dof18musc\OutputReference\IK\subject01_walk_IK.mot (nr=151 nc=11)


Low-pass filtering coordinates data with a cutoff frequency of 6...

Storage: file=subject01_walk_grf.mot (nr=1501 nc=19)
ExternalForce::right
Data source being set to subject01_walk1_grf.mot
ExternalForce::left
Data source being set to subject01_walk1_grf.mot
InverseDynamicsTool: 55 time frames in 0.172s

No external loads will be applied (external loads file not specified).

Loading coordinates from file C:\OpenSim 3.3\Models\Gait10dof18musc\OutputReference\IK\subject01_walk_IK.mot.
Storage: file=C:\OpenSim 3.3\Models\Gait10dof18musc\OutputReference\IK\subject01_walk_IK.mot (nr=151 nc=11)
Found 151 state vectors with time stamps ranging from 0 to 2.5.
Executing the analyses from 0.7 to 1.4...
Printing results of investigation subject01_walk_IK to C:\Users\u0113530\Documents\MuscleRedundancy\solvemuscleredundancy_dev\Examples\OpenSimInstallation_Gait10dof18m\Results\MuscleAnalysis.
               MODEL: walk_subject01
         coordinates: 10
              forces: 18
           actuators: 18
             muscles: 18
            analyses: 0
              probes: 0
              bodies: 13
              joints: 12
         constraints: 0
             markers: 39
         controllers: 0
  contact geometries: 0
misc modelcomponents: 0
Running tool subject01_walk_IK.

Storage: file=C:\OpenSim 3.3\Models\Gait10dof18musc\OutputReference\IK\subject01_walk_IK.mot (nr=151 nc=11)


Low-pass filtering coordinates data with a cutoff frequency of 6...

Storage: file=subject01_walk_grf.mot (nr=1501 nc=19)
ExternalForce::right
Data source being set to subject01_walk1_grf.mot
ExternalForce::left
Data source being set to subject01_walk1_grf.mot
InverseDynamicsTool: 55 time frames in 0.172s

No external loads will be applied (external loads file not specified).

Loading coordinates from file C:\OpenSim 3.3\Models\Gait10dof18musc\OutputReference\IK\subject01_walk_IK.mot.
Storage: file=C:\OpenSim 3.3\Models\Gait10dof18musc\OutputReference\IK\subject01_walk_IK.mot (nr=151 nc=11)
Found 151 state vectors with time stamps ranging from 0 to 2.5.
Executing the analyses from 0.7 to 1.4...
Printing results of investigation subject01_walk_IK to C:\Users\u0113530\Documents\MuscleRedundancy\solvemuscleredundancy_dev\Examples\OpenSimInstallation_Gait10dof18m\Results\MuscleAnalysis.
               MODEL: walk_subject01
         coordinates: 10
              forces: 18
           actuators: 18
             muscles: 18
            analyses: 0
              probes: 0
              bodies: 13
              joints: 12
         constraints: 0
             markers: 39
         controllers: 0
  contact geometries: 0
misc modelcomponents: 0
Running tool subject01_walk_IK.

Storage: file=C:\OpenSim 3.3\Models\Gait10dof18musc\OutputReference\IK\subject01_walk_IK.mot (nr=151 nc=11)


Low-pass filtering coordinates data with a cutoff frequency of 6...

Storage: file=subject01_walk_grf.mot (nr=1501 nc=19)
ExternalForce::right
Data source being set to subject01_walk1_grf.mot
ExternalForce::left
Data source being set to subject01_walk1_grf.mot
InverseDynamicsTool: 55 time frames in 0.17s

No external loads will be applied (external loads file not specified).

Loading coordinates from file C:\OpenSim 3.3\Models\Gait10dof18musc\OutputReference\IK\subject01_walk_IK.mot.
Storage: file=C:\OpenSim 3.3\Models\Gait10dof18musc\OutputReference\IK\subject01_walk_IK.mot (nr=151 nc=11)
Found 151 state vectors with time stamps ranging from 0 to 2.5.
Executing the analyses from 0.7 to 1.4...
Printing results of investigation subject01_walk_IK to C:\Users\u0113530\Documents\MuscleRedundancy\solvemuscleredundancy_dev\Examples\OpenSimInstallation_Gait10dof18m\Results\MuscleAnalysis.
               MODEL: walk_subject01
         coordinates: 10
              forces: 18
           actuators: 18
             muscles: 18
            analyses: 0
              probes: 0
              bodies: 13
              joints: 12
         constraints: 0
             markers: 39
         controllers: 0
  contact geometries: 0
misc modelcomponents: 0
Running tool subject01_walk_IK.

Storage: file=C:\OpenSim 3.3\Models\Gait10dof18musc\OutputReference\IK\subject01_walk_IK.mot (nr=151 nc=11)


Low-pass filtering coordinates data with a cutoff frequency of 6...

Storage: file=subject01_walk_grf.mot (nr=1501 nc=19)
ExternalForce::right
Data source being set to subject01_walk1_grf.mot
ExternalForce::left
Data source being set to subject01_walk1_grf.mot
InverseDynamicsTool: 55 time frames in 0.187s

No external loads will be applied (external loads file not specified).

Loading coordinates from file C:\OpenSim 3.3\Models\Gait10dof18musc\OutputReference\IK\subject01_walk_IK.mot.
Storage: file=C:\OpenSim 3.3\Models\Gait10dof18musc\OutputReference\IK\subject01_walk_IK.mot (nr=151 nc=11)
Found 151 state vectors with time stamps ranging from 0 to 2.5.
Executing the analyses from 0.7 to 1.4...
Printing results of investigation subject01_walk_IK to C:\Users\u0113530\Documents\MuscleRedundancy\solvemuscleredundancy_dev\Examples\OpenSimInstallation_Gait10dof18m\Results\MuscleAnalysis.
               MODEL: walk_subject01
         coordinates: 10
              forces: 18
           actuators: 18
             muscles: 18
            analyses: 0
              probes: 0
              bodies: 13
              joints: 12
         constraints: 0
             markers: 39
         controllers: 0
  contact geometries: 0
misc modelcomponents: 0
Running tool subject01_walk_IK.

Storage: file=C:\OpenSim 3.3\Models\Gait10dof18musc\OutputReference\IK\subject01_walk_IK.mot (nr=151 nc=11)


Low-pass filtering coordinates data with a cutoff frequency of 6...

Storage: file=subject01_walk_grf.mot (nr=1501 nc=19)
ExternalForce::right
Data source being set to subject01_walk1_grf.mot
ExternalForce::left
Data source being set to subject01_walk1_grf.mot
InverseDynamicsTool: 55 time frames in 0.17s

No external loads will be applied (external loads file not specified).

Loading coordinates from file C:\OpenSim 3.3\Models\Gait10dof18musc\OutputReference\IK\subject01_walk_IK.mot.
Storage: file=C:\OpenSim 3.3\Models\Gait10dof18musc\OutputReference\IK\subject01_walk_IK.mot (nr=151 nc=11)
Found 151 state vectors with time stamps ranging from 0 to 2.5.
Executing the analyses from 0.7 to 1.4...
Printing results of investigation subject01_walk_IK to C:\Users\u0113530\Documents\MuscleRedundancy\solvemuscleredundancy_dev\Examples\OpenSimInstallation_Gait10dof18m\Results\MuscleAnalysis.
               MODEL: walk_subject01
         coordinates: 10
              forces: 18
           actuators: 18
             muscles: 18
            analyses: 0
              probes: 0
              bodies: 13
              joints: 12
         constraints: 0
             markers: 39
         controllers: 0
  contact geometries: 0
misc modelcomponents: 0
Running tool subject01_walk_IK.

Storage: file=C:\OpenSim 3.3\Models\Gait10dof18musc\OutputReference\IK\subject01_walk_IK.mot (nr=151 nc=11)


Low-pass filtering coordinates data with a cutoff frequency of 6...

Storage: file=subject01_walk_grf.mot (nr=1501 nc=19)
ExternalForce::right
Data source being set to subject01_walk1_grf.mot
ExternalForce::left
Data source being set to subject01_walk1_grf.mot
InverseDynamicsTool: 55 time frames in 0.166s

No external loads will be applied (external loads file not specified).

Loading coordinates from file C:\OpenSim 3.3\Models\Gait10dof18musc\OutputReference\IK\subject01_walk_IK.mot.
Storage: file=C:\OpenSim 3.3\Models\Gait10dof18musc\OutputReference\IK\subject01_walk_IK.mot (nr=151 nc=11)
Found 151 state vectors with time stamps ranging from 0 to 2.5.
Executing the analyses from 0.7 to 1.4...
Printing results of investigation subject01_walk_IK to C:\Users\u0113530\Documents\MuscleRedundancy\solvemuscleredundancy_dev\Examples\OpenSimInstallation_Gait10dof18m\Results\MuscleAnalysis.
               MODEL: walk_subject01
         coordinates: 10
              forces: 18
           actuators: 18
             muscles: 18
            analyses: 0
              probes: 0
              bodies: 13
              joints: 12
         constraints: 0
             markers: 39
         controllers: 0
  contact geometries: 0
misc modelcomponents: 0
Running tool subject01_walk_IK.

Storage: file=C:\OpenSim 3.3\Models\Gait10dof18musc\OutputReference\IK\subject01_walk_IK.mot (nr=151 nc=11)


Low-pass filtering coordinates data with a cutoff frequency of 6...

Storage: file=subject01_walk_grf.mot (nr=1501 nc=19)
ExternalForce::right
Data source being set to subject01_walk1_grf.mot
ExternalForce::left
Data source being set to subject01_walk1_grf.mot
InverseDynamicsTool: 55 time frames in 0.167s

No external loads will be applied (external loads file not specified).

Loading coordinates from file C:\OpenSim 3.3\Models\Gait10dof18musc\OutputReference\IK\subject01_walk_IK.mot.
Storage: file=C:\OpenSim 3.3\Models\Gait10dof18musc\OutputReference\IK\subject01_walk_IK.mot (nr=151 nc=11)
Found 151 state vectors with time stamps ranging from 0 to 2.5.
Executing the analyses from 0.7 to 1.4...
Printing results of investigation subject01_walk_IK to C:\Users\u0113530\Documents\MuscleRedundancy\solvemuscleredundancy_dev\Examples\OpenSimInstallation_Gait10dof18m\Results\MuscleAnalysis.
               MODEL: walk_subject01
         coordinates: 10
              forces: 18
           actuators: 18
             muscles: 18
            analyses: 0
              probes: 0
              bodies: 13
              joints: 12
         constraints: 0
             markers: 39
         controllers: 0
  contact geometries: 0
misc modelcomponents: 0
Running tool subject01_walk_IK.

Storage: file=C:\OpenSim 3.3\Models\Gait10dof18musc\OutputReference\IK\subject01_walk_IK.mot (nr=151 nc=11)


Low-pass filtering coordinates data with a cutoff frequency of 6...

Storage: file=subject01_walk_grf.mot (nr=1501 nc=19)
ExternalForce::right
Data source being set to subject01_walk1_grf.mot
ExternalForce::left
Data source being set to subject01_walk1_grf.mot
InverseDynamicsTool: 55 time frames in 0.18s

No external loads will be applied (external loads file not specified).

Loading coordinates from file C:\OpenSim 3.3\Models\Gait10dof18musc\OutputReference\IK\subject01_walk_IK.mot.
Storage: file=C:\OpenSim 3.3\Models\Gait10dof18musc\OutputReference\IK\subject01_walk_IK.mot (nr=151 nc=11)
Found 151 state vectors with time stamps ranging from 0 to 2.5.
Executing the analyses from 0.7 to 1.4...
Printing results of investigation subject01_walk_IK to C:\Users\u0113530\Documents\MuscleRedundancy\solvemuscleredundancy_dev\Examples\OpenSimInstallation_Gait10dof18m\Results\MuscleAnalysis.
               MODEL: walk_subject01
         coordinates: 10
              forces: 18
           actuators: 18
             muscles: 18
            analyses: 0
              probes: 0
              bodies: 13
              joints: 12
         constraints: 0
             markers: 39
         controllers: 0
  contact geometries: 0
misc modelcomponents: 0
Running tool subject01_walk_IK.

Storage: file=C:\OpenSim 3.3\Models\Gait10dof18musc\OutputReference\IK\subject01_walk_IK.mot (nr=151 nc=11)


Low-pass filtering coordinates data with a cutoff frequency of 6...

Storage: file=subject01_walk_grf.mot (nr=1501 nc=19)
ExternalForce::right
Data source being set to subject01_walk1_grf.mot
ExternalForce::left
Data source being set to subject01_walk1_grf.mot
InverseDynamicsTool: 55 time frames in 0.176s

No external loads will be applied (external loads file not specified).

Loading coordinates from file C:\OpenSim 3.3\Models\Gait10dof18musc\OutputReference\IK\subject01_walk_IK.mot.
Storage: file=C:\OpenSim 3.3\Models\Gait10dof18musc\OutputReference\IK\subject01_walk_IK.mot (nr=151 nc=11)
Found 151 state vectors with time stamps ranging from 0 to 2.5.
Executing the analyses from 0.7 to 1.4...
Printing results of investigation subject01_walk_IK to C:\Users\u0113530\Documents\MuscleRedundancy\solvemuscleredundancy_dev\Examples\OpenSimInstallation_Gait10dof18m\Results\MuscleAnalysis.
               MODEL: walk_subject01
         coordinates: 10
              forces: 18
           actuators: 18
             muscles: 18
            analyses: 0
              probes: 0
              bodies: 13
              joints: 12
         constraints: 0
             markers: 39
         controllers: 0
  contact geometries: 0
misc modelcomponents: 0
Running tool subject01_walk_IK.

Storage: file=C:\OpenSim 3.3\Models\Gait10dof18musc\OutputReference\IK\subject01_walk_IK.mot (nr=151 nc=11)


Low-pass filtering coordinates data with a cutoff frequency of 6...

Storage: file=subject01_walk_grf.mot (nr=1501 nc=19)
ExternalForce::right
Data source being set to subject01_walk1_grf.mot
ExternalForce::left
Data source being set to subject01_walk1_grf.mot
InverseDynamicsTool: 55 time frames in 0.174s

No external loads will be applied (external loads file not specified).

Loading coordinates from file C:\OpenSim 3.3\Models\Gait10dof18musc\OutputReference\IK\subject01_walk_IK.mot.
Storage: file=C:\OpenSim 3.3\Models\Gait10dof18musc\OutputReference\IK\subject01_walk_IK.mot (nr=151 nc=11)
Found 151 state vectors with time stamps ranging from 0 to 2.5.
Executing the analyses from 0.7 to 1.4...
Printing results of investigation subject01_walk_IK to C:\Users\u0113530\Documents\MuscleRedundancy\solvemuscleredundancy_dev\Examples\OpenSimInstallation_Gait10dof18m\Results\MuscleAnalysis.
               MODEL: walk_subject01
         coordinates: 10
              forces: 18
           actuators: 18
             muscles: 18
            analyses: 0
              probes: 0
              bodies: 13
              joints: 12
         constraints: 0
             markers: 39
         controllers: 0
  contact geometries: 0
misc modelcomponents: 0
Running tool subject01_walk_IK.

Storage: file=C:\OpenSim 3.3\Models\Gait10dof18musc\OutputReference\IK\subject01_walk_IK.mot (nr=151 nc=11)


Low-pass filtering coordinates data with a cutoff frequency of 6...

Storage: file=subject01_walk_grf.mot (nr=1501 nc=19)
ExternalForce::right
Data source being set to subject01_walk1_grf.mot
ExternalForce::left
Data source being set to subject01_walk1_grf.mot
InverseDynamicsTool: 55 time frames in 0.191s

               MODEL: walk_subject01
         coordinates: 10
              forces: 18
           actuators: 18
             muscles: 18
            analyses: 0
              probes: 0
              bodies: 13
              joints: 12
         constraints: 0
             markers: 39
         controllers: 0
  contact geometries: 0
misc modelcomponents: 0
Running tool subject01_walk_IK.

Storage: file=C:\OpenSim 3.3\Models\Gait10dof18musc\OutputReference\IK\subject01_walk_IK.mot (nr=151 nc=11)


Low-pass filtering coordinates data with a cutoff frequency of 6...

Storage: file=subject01_walk_grf.mot (nr=1501 nc=19)
ExternalForce::right
Data source being set to subject01_walk1_grf.mot
ExternalForce::left
Data source being set to subject01_walk1_grf.mot
InverseDynamicsTool: 55 time frames in 0.168s

No external loads will be applied (external loads file not specified).

Loading coordinates from file C:\OpenSim 3.3\Models\Gait10dof18musc\OutputReference\IK\subject01_walk_IK.mot.
Storage: file=C:\OpenSim 3.3\Models\Gait10dof18musc\OutputReference\IK\subject01_walk_IK.mot (nr=151 nc=11)
Found 151 state vectors with time stamps ranging from 0 to 2.5.
Executing the analyses from 0.7 to 1.4...
Printing results of investigation subject01_walk_IK to C:\Users\u0113530\Documents\MuscleRedundancy\solvemuscleredundancy_dev\Examples\OpenSimInstallation_Gait10dof18m\Results\MuscleAnalysis.
               MODEL: walk_subject01
         coordinates: 10
              forces: 18
           actuators: 18
             muscles: 18
            analyses: 0
              probes: 0
              bodies: 13
              joints: 12
         constraints: 0
             markers: 39
         controllers: 0
  contact geometries: 0
misc modelcomponents: 0
Running tool subject01_walk_IK.

Storage: file=C:\OpenSim 3.3\Models\Gait10dof18musc\OutputReference\IK\subject01_walk_IK.mot (nr=151 nc=11)


Low-pass filtering coordinates data with a cutoff frequency of 6...

Storage: file=subject01_walk_grf.mot (nr=1501 nc=19)
ExternalForce::right
Data source being set to subject01_walk1_grf.mot
ExternalForce::left
Data source being set to subject01_walk1_grf.mot
InverseDynamicsTool: 55 time frames in 0.212s

No external loads will be applied (external loads file not specified).

Loading coordinates from file C:\OpenSim 3.3\Models\Gait10dof18musc\OutputReference\IK\subject01_walk_IK.mot.
Storage: file=C:\OpenSim 3.3\Models\Gait10dof18musc\OutputReference\IK\subject01_walk_IK.mot (nr=151 nc=11)
Found 151 state vectors with time stamps ranging from 0 to 2.5.
Executing the analyses from 0.7 to 1.4...
Printing results of investigation subject01_walk_IK to C:\Users\u0113530\Documents\MuscleRedundancy\solvemuscleredundancy_dev\Examples\OpenSimInstallation_Gait10dof18m\Results\MuscleAnalysis.
               MODEL: walk_subject01
         coordinates: 10
              forces: 18
           actuators: 18
             muscles: 18
            analyses: 0
              probes: 0
              bodies: 13
              joints: 12
         constraints: 0
             markers: 39
         controllers: 0
  contact geometries: 0
misc modelcomponents: 0
Running tool subject01_walk_IK.

Storage: file=C:\OpenSim 3.3\Models\Gait10dof18musc\OutputReference\IK\subject01_walk_IK.mot (nr=151 nc=11)


Low-pass filtering coordinates data with a cutoff frequency of 6...

Storage: file=subject01_walk_grf.mot (nr=1501 nc=19)
ExternalForce::right
Data source being set to subject01_walk1_grf.mot
ExternalForce::left
Data source being set to subject01_walk1_grf.mot
InverseDynamicsTool: 55 time frames in 0.165s

No external loads will be applied (external loads file not specified).

Loading coordinates from file C:\OpenSim 3.3\Models\Gait10dof18musc\OutputReference\IK\subject01_walk_IK.mot.
Storage: file=C:\OpenSim 3.3\Models\Gait10dof18musc\OutputReference\IK\subject01_walk_IK.mot (nr=151 nc=11)
Found 151 state vectors with time stamps ranging from 0 to 2.5.
Executing the analyses from 0.7 to 1.4...
Printing results of investigation subject01_walk_IK to C:\Users\u0113530\Documents\MuscleRedundancy\solvemuscleredundancy_dev\Examples\OpenSimInstallation_Gait10dof18m\Results\MuscleAnalysis.
               MODEL: walk_subject01
         coordinates: 10
              forces: 18
           actuators: 18
             muscles: 18
            analyses: 0
              probes: 0
              bodies: 13
              joints: 12
         constraints: 0
             markers: 39
         controllers: 0
  contact geometries: 0
misc modelcomponents: 0
Running tool subject01_walk_IK.

Storage: file=C:\OpenSim 3.3\Models\Gait10dof18musc\OutputReference\IK\subject01_walk_IK.mot (nr=151 nc=11)


Low-pass filtering coordinates data with a cutoff frequency of 6...

Storage: file=subject01_walk_grf.mot (nr=1501 nc=19)
ExternalForce::right
Data source being set to subject01_walk1_grf.mot
ExternalForce::left
Data source being set to subject01_walk1_grf.mot
InverseDynamicsTool: 55 time frames in 0.175s

No external loads will be applied (external loads file not specified).

Loading coordinates from file C:\OpenSim 3.3\Models\Gait10dof18musc\OutputReference\IK\subject01_walk_IK.mot.
Storage: file=C:\OpenSim 3.3\Models\Gait10dof18musc\OutputReference\IK\subject01_walk_IK.mot (nr=151 nc=11)
Found 151 state vectors with time stamps ranging from 0 to 2.5.
Executing the analyses from 0.7 to 1.4...
Printing results of investigation subject01_walk_IK to C:\Users\u0113530\Documents\MuscleRedundancy\solvemuscleredundancy_dev\Examples\OpenSimInstallation_Gait10dof18m\Results\MuscleAnalysis.
               MODEL: walk_subject01
         coordinates: 10
              forces: 18
           actuators: 18
             muscles: 18
            analyses: 0
              probes: 0
              bodies: 13
              joints: 12
         constraints: 0
             markers: 39
         controllers: 0
  contact geometries: 0
misc modelcomponents: 0
Running tool subject01_walk_IK.

Storage: file=C:\OpenSim 3.3\Models\Gait10dof18musc\OutputReference\IK\subject01_walk_IK.mot (nr=151 nc=11)


Low-pass filtering coordinates data with a cutoff frequency of 6...

Storage: file=subject01_walk_grf.mot (nr=1501 nc=19)
ExternalForce::right
Data source being set to subject01_walk1_grf.mot
ExternalForce::left
Data source being set to subject01_walk1_grf.mot
InverseDynamicsTool: 55 time frames in 0.176s

No external loads will be applied (external loads file not specified).

Loading coordinates from file C:\OpenSim 3.3\Models\Gait10dof18musc\OutputReference\IK\subject01_walk_IK.mot.
Storage: file=C:\OpenSim 3.3\Models\Gait10dof18musc\OutputReference\IK\subject01_walk_IK.mot (nr=151 nc=11)
Found 151 state vectors with time stamps ranging from 0 to 2.5.
Executing the analyses from 0.7 to 1.4...
Printing results of investigation subject01_walk_IK to C:\Users\u0113530\Documents\MuscleRedundancy\solvemuscleredundancy_dev\Examples\OpenSimInstallation_Gait10dof18m\Results\MuscleAnalysis.
               MODEL: walk_subject01
         coordinates: 10
              forces: 18
           actuators: 18
             muscles: 18
            analyses: 0
              probes: 0
              bodies: 13
              joints: 12
         constraints: 0
             markers: 39
         controllers: 0
  contact geometries: 0
misc modelcomponents: 0
Running tool subject01_walk_IK.

Storage: file=C:\OpenSim 3.3\Models\Gait10dof18musc\OutputReference\IK\subject01_walk_IK.mot (nr=151 nc=11)


Low-pass filtering coordinates data with a cutoff frequency of 6...

Storage: file=subject01_walk_grf.mot (nr=1501 nc=19)
ExternalForce::right
Data source being set to subject01_walk1_grf.mot
ExternalForce::left
Data source being set to subject01_walk1_grf.mot
InverseDynamicsTool: 55 time frames in 0.175s

No external loads will be applied (external loads file not specified).

Loading coordinates from file C:\OpenSim 3.3\Models\Gait10dof18musc\OutputReference\IK\subject01_walk_IK.mot.
Storage: file=C:\OpenSim 3.3\Models\Gait10dof18musc\OutputReference\IK\subject01_walk_IK.mot (nr=151 nc=11)
Found 151 state vectors with time stamps ranging from 0 to 2.5.
Executing the analyses from 0.7 to 1.4...
Printing results of investigation subject01_walk_IK to C:\Users\u0113530\Documents\MuscleRedundancy\solvemuscleredundancy_dev\Examples\OpenSimInstallation_Gait10dof18m\Results\MuscleAnalysis.
               MODEL: walk_subject01
         coordinates: 10
              forces: 18
           actuators: 18
             muscles: 18
            analyses: 0
              probes: 0
              bodies: 13
              joints: 12
         constraints: 0
             markers: 39
         controllers: 0
  contact geometries: 0
misc modelcomponents: 0
Running tool subject01_walk_IK.

Storage: file=C:\OpenSim 3.3\Models\Gait10dof18musc\OutputReference\IK\subject01_walk_IK.mot (nr=151 nc=11)


Low-pass filtering coordinates data with a cutoff frequency of 6...

Storage: file=subject01_walk_grf.mot (nr=1501 nc=19)
ExternalForce::right
Data source being set to subject01_walk1_grf.mot
ExternalForce::left
Data source being set to subject01_walk1_grf.mot
InverseDynamicsTool: 55 time frames in 0.176s

No external loads will be applied (external loads file not specified).

Loading coordinates from file C:\OpenSim 3.3\Models\Gait10dof18musc\OutputReference\IK\subject01_walk_IK.mot.
Storage: file=C:\OpenSim 3.3\Models\Gait10dof18musc\OutputReference\IK\subject01_walk_IK.mot (nr=151 nc=11)
Found 151 state vectors with time stamps ranging from 0 to 2.5.
Executing the analyses from 0.7 to 1.4...
Printing results of investigation subject01_walk_IK to C:\Users\u0113530\Documents\MuscleRedundancy\solvemuscleredundancy_dev\Examples\OpenSimInstallation_Gait10dof18m\Results\MuscleAnalysis.
