Updating Model file from 30000 to latest format...
Loaded model subject1 from file C:\Users\u0113530\Documents\MuscleRedundancy\solvemuscleredundancy_dev\Examples\Running_DeGrooteetal2016\RunningData\subject1.osim
No external loads will be applied (external loads file not specified).

Loading coordinates from file C:\Users\u0113530\Documents\MuscleRedundancy\solvemuscleredundancy_dev\Examples\Running_DeGrooteetal2016\RunningData\Running_IK.mot.
Storage: read data file =C:\Users\u0113530\Documents\MuscleRedundancy\solvemuscleredundancy_dev\Examples\Running_DeGrooteetal2016\RunningData\Running_IK.mot (nr=729 nc=42)
Coordinate.setValue: WARN- coordinate pro_sup_r is locked. Unable to change its value.
Coordinate.setValue: WARN- coordinate pro_sup_l is locked. Unable to change its value.
Found 729 state vectors with time stamps ranging from 0.01 to 7.29.
Executing the analyses from 0.05 to 0.98...
MuscleAnalysis: WARNING - coordinate subtalar_angle_r is locked and can't be varied.
MuscleAnalysis: WARNING - coordinate mtp_angle_r is locked and can't be varied.
MuscleAnalysis: WARNING - coordinate subtalar_angle_l is locked and can't be varied.
MuscleAnalysis: WARNING - coordinate mtp_angle_l is locked and can't be varied.
MuscleAnalysis: WARNING - coordinate pro_sup_r is locked and can't be varied.
MuscleAnalysis: WARNING - coordinate wrist_flex_r is locked and can't be varied.
MuscleAnalysis: WARNING - coordinate wrist_dev_r is locked and can't be varied.
MuscleAnalysis: WARNING - coordinate pro_sup_l is locked and can't be varied.
MuscleAnalysis: WARNING - coordinate wrist_flex_l is locked and can't be varied.
MuscleAnalysis: WARNING - coordinate wrist_dev_l is locked and can't be varied.
Printing results of investigation Running_IK to C:\Users\u0113530\Documents\MuscleRedundancy\solvemuscleredundancy_dev\Examples\Running_DeGrooteetal2016\Results\MuscleAnalysis.
Updating Model file from 30000 to latest format...
Loaded model subject1 from file C:\Users\u0113530\Documents\MuscleRedundancy\solvemuscleredundancy_dev\Examples\Running_DeGrooteetal2016\RunningData\subject1.osim
Updating Model file from 30000 to latest format...
Loaded model subject1 from file C:\Users\u0113530\Documents\MuscleRedundancy\solvemuscleredundancy_dev\Examples\Running_DeGrooteetal2016\RunningData\subject1.osim
No external loads will be applied (external loads file not specified).

Loading coordinates from file C:\Users\u0113530\Documents\MuscleRedundancy\solvemuscleredundancy_dev\Examples\Running_DeGrooteetal2016\RunningData\Running_IK.mot.
Storage: read data file =C:\Users\u0113530\Documents\MuscleRedundancy\solvemuscleredundancy_dev\Examples\Running_DeGrooteetal2016\RunningData\Running_IK.mot (nr=729 nc=42)
Coordinate.setValue: WARN- coordinate pro_sup_r is locked. Unable to change its value.
Coordinate.setValue: WARN- coordinate pro_sup_l is locked. Unable to change its value.
Found 729 state vectors with time stamps ranging from 0.01 to 7.29.
Executing the analyses from 0.05 to 0.98...
MuscleAnalysis: WARNING - coordinate subtalar_angle_r is locked and can't be varied.
MuscleAnalysis: WARNING - coordinate mtp_angle_r is locked and can't be varied.
MuscleAnalysis: WARNING - coordinate subtalar_angle_l is locked and can't be varied.
MuscleAnalysis: WARNING - coordinate mtp_angle_l is locked and can't be varied.
MuscleAnalysis: WARNING - coordinate pro_sup_r is locked and can't be varied.
MuscleAnalysis: WARNING - coordinate wrist_flex_r is locked and can't be varied.
MuscleAnalysis: WARNING - coordinate wrist_dev_r is locked and can't be varied.
MuscleAnalysis: WARNING - coordinate pro_sup_l is locked and can't be varied.
MuscleAnalysis: WARNING - coordinate wrist_flex_l is locked and can't be varied.
MuscleAnalysis: WARNING - coordinate wrist_dev_l is locked and can't be varied.
Printing results of investigation Running_IK to C:\Users\u0113530\Documents\MuscleRedundancy\solvemuscleredundancy_dev\Examples\Running_DeGrooteetal2016\Results\MuscleAnalysis.
Updating Model file from 30000 to latest format...
Loaded model subject1 from file C:\Users\u0113530\Documents\MuscleRedundancy\solvemuscleredundancy_dev\Examples\Running_DeGrooteetal2016\RunningData\subject1.osim
Updating Model file from 30000 to latest format...
Loaded model subject1 from file C:\Users\u0113530\Documents\MuscleRedundancy\solvemuscleredundancy_dev\Examples\Running_DeGrooteetal2016\RunningData\subject1.osim
No external loads will be applied (external loads file not specified).

Loading coordinates from file C:\Users\u0113530\Documents\MuscleRedundancy\solvemuscleredundancy_dev\Examples\Running_DeGrooteetal2016\RunningData\Running_IK.mot.
Storage: read data file =C:\Users\u0113530\Documents\MuscleRedundancy\solvemuscleredundancy_dev\Examples\Running_DeGrooteetal2016\RunningData\Running_IK.mot (nr=729 nc=42)
Coordinate.setValue: WARN- coordinate pro_sup_r is locked. Unable to change its value.
Coordinate.setValue: WARN- coordinate pro_sup_l is locked. Unable to change its value.
Found 729 state vectors with time stamps ranging from 0.01 to 7.29.
Executing the analyses from 0.05 to 0.98...
MuscleAnalysis: WARNING - coordinate subtalar_angle_r is locked and can't be varied.
MuscleAnalysis: WARNING - coordinate mtp_angle_r is locked and can't be varied.
MuscleAnalysis: WARNING - coordinate subtalar_angle_l is locked and can't be varied.
MuscleAnalysis: WARNING - coordinate mtp_angle_l is locked and can't be varied.
MuscleAnalysis: WARNING - coordinate pro_sup_r is locked and can't be varied.
MuscleAnalysis: WARNING - coordinate wrist_flex_r is locked and can't be varied.
MuscleAnalysis: WARNING - coordinate wrist_dev_r is locked and can't be varied.
MuscleAnalysis: WARNING - coordinate pro_sup_l is locked and can't be varied.
MuscleAnalysis: WARNING - coordinate wrist_flex_l is locked and can't be varied.
MuscleAnalysis: WARNING - coordinate wrist_dev_l is locked and can't be varied.
Printing results of investigation Running_IK to C:\Users\u0113530\Documents\MuscleRedundancy\solvemuscleredundancy_dev\Examples\Running_DeGrooteetal2016\Results\MuscleAnalysis.
Updating Model file from 30000 to latest format...
Loaded model subject1 from file C:\Users\u0113530\Documents\MuscleRedundancy\solvemuscleredundancy_dev\Examples\Running_DeGrooteetal2016\RunningData\subject1.osim
Updating Model file from 30000 to latest format...
Loaded model subject1 from file C:\Users\u0113530\Documents\MuscleRedundancy\solvemuscleredundancy_dev\Examples\Running_DeGrooteetal2016\RunningData\subject1.osim
No external loads will be applied (external loads file not specified).

Loading coordinates from file C:\Users\u0113530\Documents\MuscleRedundancy\solvemuscleredundancy_dev\Examples\Running_DeGrooteetal2016\RunningData\Running_IK.mot.
Storage: read data file =C:\Users\u0113530\Documents\MuscleRedundancy\solvemuscleredundancy_dev\Examples\Running_DeGrooteetal2016\RunningData\Running_IK.mot (nr=729 nc=42)
Coordinate.setValue: WARN- coordinate pro_sup_r is locked. Unable to change its value.
Coordinate.setValue: WARN- coordinate pro_sup_l is locked. Unable to change its value.
Found 729 state vectors with time stamps ranging from 0.01 to 7.29.
Executing the analyses from 0.05 to 0.98...
MuscleAnalysis: WARNING - coordinate subtalar_angle_r is locked and can't be varied.
MuscleAnalysis: WARNING - coordinate mtp_angle_r is locked and can't be varied.
MuscleAnalysis: WARNING - coordinate subtalar_angle_l is locked and can't be varied.
MuscleAnalysis: WARNING - coordinate mtp_angle_l is locked and can't be varied.
MuscleAnalysis: WARNING - coordinate pro_sup_r is locked and can't be varied.
MuscleAnalysis: WARNING - coordinate wrist_flex_r is locked and can't be varied.
MuscleAnalysis: WARNING - coordinate wrist_dev_r is locked and can't be varied.
MuscleAnalysis: WARNING - coordinate pro_sup_l is locked and can't be varied.
MuscleAnalysis: WARNING - coordinate wrist_flex_l is locked and can't be varied.
MuscleAnalysis: WARNING - coordinate wrist_dev_l is locked and can't be varied.
Printing results of investigation Running_IK to C:\Users\u0113530\Documents\MuscleRedundancy\solvemuscleredundancy_dev\Examples\Running_DeGrooteetal2016\Results\MuscleAnalysis.
Updating Model file from 30000 to latest format...
Loaded model subject1 from file C:\Users\u0113530\Documents\MuscleRedundancy\solvemuscleredundancy_dev\Examples\Running_DeGrooteetal2016\RunningData\subject1.osim
Updating Model file from 30000 to latest format...
Loaded model subject1 from file C:\Users\u0113530\Documents\MuscleRedundancy\solvemuscleredundancy_dev\Examples\Running_DeGrooteetal2016\RunningData\subject1.osim
No external loads will be applied (external loads file not specified).

Loading coordinates from file C:\Users\u0113530\Documents\MuscleRedundancy\solvemuscleredundancy_dev\Examples\Running_DeGrooteetal2016\RunningData\Running_IK.mot.
Storage: read data file =C:\Users\u0113530\Documents\MuscleRedundancy\solvemuscleredundancy_dev\Examples\Running_DeGrooteetal2016\RunningData\Running_IK.mot (nr=729 nc=42)
Coordinate.setValue: WARN- coordinate pro_sup_r is locked. Unable to change its value.
Coordinate.setValue: WARN- coordinate pro_sup_l is locked. Unable to change its value.
Found 729 state vectors with time stamps ranging from 0.01 to 7.29.
Executing the analyses from 0.05 to 0.98...
MuscleAnalysis: WARNING - coordinate subtalar_angle_r is locked and can't be varied.
MuscleAnalysis: WARNING - coordinate mtp_angle_r is locked and can't be varied.
MuscleAnalysis: WARNING - coordinate subtalar_angle_l is locked and can't be varied.
MuscleAnalysis: WARNING - coordinate mtp_angle_l is locked and can't be varied.
MuscleAnalysis: WARNING - coordinate pro_sup_r is locked and can't be varied.
MuscleAnalysis: WARNING - coordinate wrist_flex_r is locked and can't be varied.
MuscleAnalysis: WARNING - coordinate wrist_dev_r is locked and can't be varied.
MuscleAnalysis: WARNING - coordinate pro_sup_l is locked and can't be varied.
MuscleAnalysis: WARNING - coordinate wrist_flex_l is locked and can't be varied.
MuscleAnalysis: WARNING - coordinate wrist_dev_l is locked and can't be varied.
Printing results of investigation Running_IK to C:\Users\u0113530\Documents\MuscleRedundancy\solvemuscleredundancy_dev\Examples\Running_DeGrooteetal2016\Results\MuscleAnalysis.
Updating Model file from 30000 to latest format...
Loaded model subject1 from file C:\Users\u0113530\Documents\MuscleRedundancy\solvemuscleredundancy_dev\Examples\Running_DeGrooteetal2016\RunningData\subject1.osim
Updating Model file from 30000 to latest format...
Loaded model subject1 from file C:\Users\u0113530\Documents\MuscleRedundancy\solvemuscleredundancy_dev\Examples\Running_DeGrooteetal2016\RunningData\subject1.osim
No external loads will be applied (external loads file not specified).

Loading coordinates from file C:\Users\u0113530\Documents\MuscleRedundancy\solvemuscleredundancy_dev\Examples\Running_DeGrooteetal2016\RunningData\Running_IK.mot.
Storage: read data file =C:\Users\u0113530\Documents\MuscleRedundancy\solvemuscleredundancy_dev\Examples\Running_DeGrooteetal2016\RunningData\Running_IK.mot (nr=729 nc=42)
Coordinate.setValue: WARN- coordinate pro_sup_r is locked. Unable to change its value.
Coordinate.setValue: WARN- coordinate pro_sup_l is locked. Unable to change its value.
Found 729 state vectors with time stamps ranging from 0.01 to 7.29.
Executing the analyses from 0.05 to 0.98...
MuscleAnalysis: WARNING - coordinate subtalar_angle_r is locked and can't be varied.
MuscleAnalysis: WARNING - coordinate mtp_angle_r is locked and can't be varied.
MuscleAnalysis: WARNING - coordinate subtalar_angle_l is locked and can't be varied.
MuscleAnalysis: WARNING - coordinate mtp_angle_l is locked and can't be varied.
MuscleAnalysis: WARNING - coordinate pro_sup_r is locked and can't be varied.
MuscleAnalysis: WARNING - coordinate wrist_flex_r is locked and can't be varied.
MuscleAnalysis: WARNING - coordinate wrist_dev_r is locked and can't be varied.
MuscleAnalysis: WARNING - coordinate pro_sup_l is locked and can't be varied.
MuscleAnalysis: WARNING - coordinate wrist_flex_l is locked and can't be varied.
MuscleAnalysis: WARNING - coordinate wrist_dev_l is locked and can't be varied.
Printing results of investigation Running_IK to C:\Users\u0113530\Documents\MuscleRedundancy\solvemuscleredundancy_dev\Examples\Running_DeGrooteetal2016\Results\MuscleAnalysis.
Updating Model file from 30000 to latest format...
Loaded model subject1 from file C:\Users\u0113530\Documents\MuscleRedundancy\solvemuscleredundancy_dev\Examples\Running_DeGrooteetal2016\RunningData\subject1.osim
Updating Model file from 30000 to latest format...
Loaded model subject1 from file C:\Users\u0113530\Documents\MuscleRedundancy\solvemuscleredundancy_dev\Examples\Running_DeGrooteetal2016\RunningData\subject1.osim
No external loads will be applied (external loads file not specified).

Loading coordinates from file C:\Users\u0113530\Documents\MuscleRedundancy\solvemuscleredundancy_dev\Examples\Running_DeGrooteetal2016\RunningData\Running_IK.mot.
Storage: read data file =C:\Users\u0113530\Documents\MuscleRedundancy\solvemuscleredundancy_dev\Examples\Running_DeGrooteetal2016\RunningData\Running_IK.mot (nr=729 nc=42)
Coordinate.setValue: WARN- coordinate pro_sup_r is locked. Unable to change its value.
Coordinate.setValue: WARN- coordinate pro_sup_l is locked. Unable to change its value.
Found 729 state vectors with time stamps ranging from 0.01 to 7.29.
Executing the analyses from 0.05 to 0.98...
MuscleAnalysis: WARNING - coordinate subtalar_angle_r is locked and can't be varied.
MuscleAnalysis: WARNING - coordinate mtp_angle_r is locked and can't be varied.
MuscleAnalysis: WARNING - coordinate subtalar_angle_l is locked and can't be varied.
MuscleAnalysis: WARNING - coordinate mtp_angle_l is locked and can't be varied.
MuscleAnalysis: WARNING - coordinate pro_sup_r is locked and can't be varied.
MuscleAnalysis: WARNING - coordinate wrist_flex_r is locked and can't be varied.
MuscleAnalysis: WARNING - coordinate wrist_dev_r is locked and can't be varied.
MuscleAnalysis: WARNING - coordinate pro_sup_l is locked and can't be varied.
MuscleAnalysis: WARNING - coordinate wrist_flex_l is locked and can't be varied.
MuscleAnalysis: WARNING - coordinate wrist_dev_l is locked and can't be varied.
Printing results of investigation Running_IK to C:\Users\u0113530\Documents\MuscleRedundancy\solvemuscleredundancy_dev\Examples\Running_DeGrooteetal2016\Results\MuscleAnalysis.
Updating Model file from 30000 to latest format...
Loaded model subject1 from file C:\Users\u0113530\Documents\MuscleRedundancy\solvemuscleredundancy_dev\Examples\Running_DeGrooteetal2016\RunningData\subject1.osim
Updating Model file from 30000 to latest format...
Loaded model subject1 from file C:\Users\u0113530\Documents\MuscleRedundancy\solvemuscleredundancy_dev\Examples\Running_DeGrooteetal2016\RunningData\subject1.osim
No external loads will be applied (external loads file not specified).

Loading coordinates from file C:\Users\u0113530\Documents\MuscleRedundancy\solvemuscleredundancy_dev\Examples\Running_DeGrooteetal2016\RunningData\Running_IK.mot.
Storage: read data file =C:\Users\u0113530\Documents\MuscleRedundancy\solvemuscleredundancy_dev\Examples\Running_DeGrooteetal2016\RunningData\Running_IK.mot (nr=729 nc=42)
Coordinate.setValue: WARN- coordinate pro_sup_r is locked. Unable to change its value.
Coordinate.setValue: WARN- coordinate pro_sup_l is locked. Unable to change its value.
Found 729 state vectors with time stamps ranging from 0.01 to 7.29.
Executing the analyses from 0.05 to 0.98...
MuscleAnalysis: WARNING - coordinate subtalar_angle_r is locked and can't be varied.
MuscleAnalysis: WARNING - coordinate mtp_angle_r is locked and can't be varied.
MuscleAnalysis: WARNING - coordinate subtalar_angle_l is locked and can't be varied.
MuscleAnalysis: WARNING - coordinate mtp_angle_l is locked and can't be varied.
MuscleAnalysis: WARNING - coordinate pro_sup_r is locked and can't be varied.
MuscleAnalysis: WARNING - coordinate wrist_flex_r is locked and can't be varied.
MuscleAnalysis: WARNING - coordinate wrist_dev_r is locked and can't be varied.
MuscleAnalysis: WARNING - coordinate pro_sup_l is locked and can't be varied.
MuscleAnalysis: WARNING - coordinate wrist_flex_l is locked and can't be varied.
MuscleAnalysis: WARNING - coordinate wrist_dev_l is locked and can't be varied.
Printing results of investigation Running_IK to C:\Users\u0113530\Documents\MuscleRedundancy\solvemuscleredundancy_dev\Examples\Running_DeGrooteetal2016\Results\MuscleAnalysis.
Updating Model file from 30000 to latest format...
Loaded model subject1 from file C:\Users\u0113530\Documents\MuscleRedundancy\solvemuscleredundancy_dev\Examples\Running_DeGrooteetal2016\RunningData\subject1.osim
Updating Model file from 30000 to latest format...
Loaded model subject1 from file C:\Users\u0113530\Documents\MuscleRedundancy\solvemuscleredundancy_dev\Examples\Running_DeGrooteetal2016\RunningData\subject1.osim
No external loads will be applied (external loads file not specified).

Loading coordinates from file C:\Users\u0113530\Documents\MuscleRedundancy\solvemuscleredundancy_dev\Examples\Running_DeGrooteetal2016\RunningData\Running_IK.mot.
Storage: read data file =C:\Users\u0113530\Documents\MuscleRedundancy\solvemuscleredundancy_dev\Examples\Running_DeGrooteetal2016\RunningData\Running_IK.mot (nr=729 nc=42)
Coordinate.setValue: WARN- coordinate pro_sup_r is locked. Unable to change its value.
Coordinate.setValue: WARN- coordinate pro_sup_l is locked. Unable to change its value.
Found 729 state vectors with time stamps ranging from 0.01 to 7.29.
Executing the analyses from 0.05 to 0.98...
MuscleAnalysis: WARNING - coordinate subtalar_angle_r is locked and can't be varied.
MuscleAnalysis: WARNING - coordinate mtp_angle_r is locked and can't be varied.
MuscleAnalysis: WARNING - coordinate subtalar_angle_l is locked and can't be varied.
MuscleAnalysis: WARNING - coordinate mtp_angle_l is locked and can't be varied.
MuscleAnalysis: WARNING - coordinate pro_sup_r is locked and can't be varied.
MuscleAnalysis: WARNING - coordinate wrist_flex_r is locked and can't be varied.
MuscleAnalysis: WARNING - coordinate wrist_dev_r is locked and can't be varied.
MuscleAnalysis: WARNING - coordinate pro_sup_l is locked and can't be varied.
MuscleAnalysis: WARNING - coordinate wrist_flex_l is locked and can't be varied.
MuscleAnalysis: WARNING - coordinate wrist_dev_l is locked and can't be varied.
Printing results of investigation Running_IK to C:\Users\u0113530\Documents\MuscleRedundancy\solvemuscleredundancy_dev\Examples\Running_DeGrooteetal2016\Results\MuscleAnalysis.
Updating Model file from 30000 to latest format...
Loaded model subject1 from file C:\Users\u0113530\Documents\MuscleRedundancy\solvemuscleredundancy_dev\Examples\Running_DeGrooteetal2016\RunningData\subject1.osim
Updating Model file from 30000 to latest format...
Loaded model subject1 from file C:\Users\u0113530\Documents\MuscleRedundancy\solvemuscleredundancy_dev\Examples\Running_DeGrooteetal2016\RunningData\subject1.osim
No external loads will be applied (external loads file not specified).

Loading coordinates from file C:\Users\u0113530\Documents\MuscleRedundancy\solvemuscleredundancy_dev\Examples\Running_DeGrooteetal2016\RunningData\Running_IK.mot.
Storage: read data file =C:\Users\u0113530\Documents\MuscleRedundancy\solvemuscleredundancy_dev\Examples\Running_DeGrooteetal2016\RunningData\Running_IK.mot (nr=729 nc=42)
Coordinate.setValue: WARN- coordinate pro_sup_r is locked. Unable to change its value.
Coordinate.setValue: WARN- coordinate pro_sup_l is locked. Unable to change its value.
Found 729 state vectors with time stamps ranging from 0.01 to 7.29.
Executing the analyses from 0.05 to 0.98...
MuscleAnalysis: WARNING - coordinate subtalar_angle_r is locked and can't be varied.
MuscleAnalysis: WARNING - coordinate mtp_angle_r is locked and can't be varied.
MuscleAnalysis: WARNING - coordinate subtalar_angle_l is locked and can't be varied.
MuscleAnalysis: WARNING - coordinate mtp_angle_l is locked and can't be varied.
MuscleAnalysis: WARNING - coordinate pro_sup_r is locked and can't be varied.
MuscleAnalysis: WARNING - coordinate wrist_flex_r is locked and can't be varied.
MuscleAnalysis: WARNING - coordinate wrist_dev_r is locked and can't be varied.
MuscleAnalysis: WARNING - coordinate pro_sup_l is locked and can't be varied.
MuscleAnalysis: WARNING - coordinate wrist_flex_l is locked and can't be varied.
MuscleAnalysis: WARNING - coordinate wrist_dev_l is locked and can't be varied.
Printing results of investigation Running_IK to C:\Users\u0113530\Documents\MuscleRedundancy\solvemuscleredundancy_dev\Examples\Running_DeGrooteetal2016\Results\MuscleAnalysis.
Updating Model file from 30000 to latest format...
Loaded model subject1 from file C:\Users\u0113530\Documents\MuscleRedundancy\solvemuscleredundancy_dev\Examples\Running_DeGrooteetal2016\RunningData\subject1.osim
Updating Model file from 30000 to latest format...
Loaded model subject1 from file C:\Users\u0113530\Documents\MuscleRedundancy\solvemuscleredundancy_dev\Examples\Running_DeGrooteetal2016\RunningData\subject1.osim
No external loads will be applied (external loads file not specified).

Loading coordinates from file C:\Users\u0113530\Documents\MuscleRedundancy\solvemuscleredundancy_dev\Examples\Running_DeGrooteetal2016\RunningData\Running_IK.mot.
Storage: read data file =C:\Users\u0113530\Documents\MuscleRedundancy\solvemuscleredundancy_dev\Examples\Running_DeGrooteetal2016\RunningData\Running_IK.mot (nr=729 nc=42)
Coordinate.setValue: WARN- coordinate pro_sup_r is locked. Unable to change its value.
Coordinate.setValue: WARN- coordinate pro_sup_l is locked. Unable to change its value.
Found 729 state vectors with time stamps ranging from 0.01 to 7.29.
Executing the analyses from 0.05 to 0.98...
MuscleAnalysis: WARNING - coordinate subtalar_angle_r is locked and can't be varied.
MuscleAnalysis: WARNING - coordinate mtp_angle_r is locked and can't be varied.
MuscleAnalysis: WARNING - coordinate subtalar_angle_l is locked and can't be varied.
MuscleAnalysis: WARNING - coordinate mtp_angle_l is locked and can't be varied.
MuscleAnalysis: WARNING - coordinate pro_sup_r is locked and can't be varied.
MuscleAnalysis: WARNING - coordinate wrist_flex_r is locked and can't be varied.
MuscleAnalysis: WARNING - coordinate wrist_dev_r is locked and can't be varied.
MuscleAnalysis: WARNING - coordinate pro_sup_l is locked and can't be varied.
MuscleAnalysis: WARNING - coordinate wrist_flex_l is locked and can't be varied.
MuscleAnalysis: WARNING - coordinate wrist_dev_l is locked and can't be varied.
Printing results of investigation Running_IK to C:\Users\u0113530\Documents\MuscleRedundancy\solvemuscleredundancy_dev\Examples\Running_DeGrooteetal2016\Results\MuscleAnalysis.
Updating Model file from 30000 to latest format...
Loaded model subject1 from file C:\Users\u0113530\Documents\MuscleRedundancy\solvemuscleredundancy_dev\Examples\Running_DeGrooteetal2016\RunningData\subject1.osim
Updating Model file from 30000 to latest format...
Loaded model subject1 from file C:\Users\u0113530\Documents\MuscleRedundancy\solvemuscleredundancy_dev\Examples\Running_DeGrooteetal2016\RunningData\subject1.osim
No external loads will be applied (external loads file not specified).

Loading coordinates from file C:\Users\u0113530\Documents\MuscleRedundancy\solvemuscleredundancy_dev\Examples\Running_DeGrooteetal2016\RunningData\Running_IK.mot.
Storage: read data file =C:\Users\u0113530\Documents\MuscleRedundancy\solvemuscleredundancy_dev\Examples\Running_DeGrooteetal2016\RunningData\Running_IK.mot (nr=729 nc=42)
Coordinate.setValue: WARN- coordinate pro_sup_r is locked. Unable to change its value.
Coordinate.setValue: WARN- coordinate pro_sup_l is locked. Unable to change its value.
Found 729 state vectors with time stamps ranging from 0.01 to 7.29.
Executing the analyses from 0.05 to 0.98...
MuscleAnalysis: WARNING - coordinate subtalar_angle_r is locked and can't be varied.
MuscleAnalysis: WARNING - coordinate mtp_angle_r is locked and can't be varied.
MuscleAnalysis: WARNING - coordinate subtalar_angle_l is locked and can't be varied.
MuscleAnalysis: WARNING - coordinate mtp_angle_l is locked and can't be varied.
MuscleAnalysis: WARNING - coordinate pro_sup_r is locked and can't be varied.
MuscleAnalysis: WARNING - coordinate wrist_flex_r is locked and can't be varied.
MuscleAnalysis: WARNING - coordinate wrist_dev_r is locked and can't be varied.
MuscleAnalysis: WARNING - coordinate pro_sup_l is locked and can't be varied.
MuscleAnalysis: WARNING - coordinate wrist_flex_l is locked and can't be varied.
MuscleAnalysis: WARNING - coordinate wrist_dev_l is locked and can't be varied.
Printing results of investigation Running_IK to C:\Users\u0113530\Documents\MuscleRedundancy\solvemuscleredundancy_dev\Examples\Running_DeGrooteetal2016\Results\MuscleAnalysis.
Updating Model file from 30000 to latest format...
Loaded model subject1 from file C:\Users\u0113530\Documents\MuscleRedundancy\solvemuscleredundancy_dev\Examples\Running_DeGrooteetal2016\RunningData\subject1.osim
Updating Model file from 30000 to latest format...
Loaded model subject1 from file C:\Users\u0113530\Documents\MuscleRedundancy\solvemuscleredundancy_dev\Examples\Running_DeGrooteetal2016\RunningData\subject1.osim
No external loads will be applied (external loads file not specified).

Loading coordinates from file C:\Users\u0113530\Documents\MuscleRedundancy\solvemuscleredundancy_dev\Examples\Running_DeGrooteetal2016\RunningData\Running_IK.mot.
Storage: read data file =C:\Users\u0113530\Documents\MuscleRedundancy\solvemuscleredundancy_dev\Examples\Running_DeGrooteetal2016\RunningData\Running_IK.mot (nr=729 nc=42)
Coordinate.setValue: WARN- coordinate pro_sup_r is locked. Unable to change its value.
Coordinate.setValue: WARN- coordinate pro_sup_l is locked. Unable to change its value.
Found 729 state vectors with time stamps ranging from 0.01 to 7.29.
Executing the analyses from 0.05 to 0.98...
MuscleAnalysis: WARNING - coordinate subtalar_angle_r is locked and can't be varied.
MuscleAnalysis: WARNING - coordinate mtp_angle_r is locked and can't be varied.
MuscleAnalysis: WARNING - coordinate subtalar_angle_l is locked and can't be varied.
MuscleAnalysis: WARNING - coordinate mtp_angle_l is locked and can't be varied.
MuscleAnalysis: WARNING - coordinate pro_sup_r is locked and can't be varied.
MuscleAnalysis: WARNING - coordinate wrist_flex_r is locked and can't be varied.
MuscleAnalysis: WARNING - coordinate wrist_dev_r is locked and can't be varied.
MuscleAnalysis: WARNING - coordinate pro_sup_l is locked and can't be varied.
MuscleAnalysis: WARNING - coordinate wrist_flex_l is locked and can't be varied.
MuscleAnalysis: WARNING - coordinate wrist_dev_l is locked and can't be varied.
Printing results of investigation Running_IK to C:\Users\u0113530\Documents\MuscleRedundancy\solvemuscleredundancy_dev\Examples\Running_DeGrooteetal2016\Results\MuscleAnalysis.
Updating Model file from 30000 to latest format...
Loaded model subject1 from file C:\Users\u0113530\Documents\MuscleRedundancy\solvemuscleredundancy_dev\Examples\Walking_DeGrooteetal2016\WalkingData\subject1.osim
No external loads will be applied (external loads file not specified).

Loading coordinates from file C:\Users\u0113530\Documents\MuscleRedundancy\solvemuscleredundancy_dev\Examples\Walking_DeGrooteetal2016\WalkingData\Walking_IK.mot.
Storage: read data file =C:\Users\u0113530\Documents\MuscleRedundancy\solvemuscleredundancy_dev\Examples\Walking_DeGrooteetal2016\WalkingData\Walking_IK.mot (nr=121 nc=24)
Found 121 state vectors with time stamps ranging from 0.5 to 2.5.
Executing the analyses from 0.516667 to 1.95...
Printing results of investigation Walking_IK to C:\Users\u0113530\Documents\MuscleRedundancy\solvemuscleredundancy_dev\Examples\Walking_DeGrooteetal2016\Results\MuscleAnalysis.
Updating Model file from 30000 to latest format...
Loaded model subject1 from file C:\Users\u0113530\Documents\MuscleRedundancy\solvemuscleredundancy_dev\Examples\Walking_DeGrooteetal2016\WalkingData\subject1.osim
Updating Model file from 30000 to latest format...
Loaded model subject1 from file C:\Users\u0113530\Documents\MuscleRedundancy\solvemuscleredundancy_dev\Examples\Walking_DeGrooteetal2016\WalkingData\subject1.osim
No external loads will be applied (external loads file not specified).

Loading coordinates from file C:\Users\u0113530\Documents\MuscleRedundancy\solvemuscleredundancy_dev\Examples\Walking_DeGrooteetal2016\WalkingData\Walking_IK.mot.
Storage: read data file =C:\Users\u0113530\Documents\MuscleRedundancy\solvemuscleredundancy_dev\Examples\Walking_DeGrooteetal2016\WalkingData\Walking_IK.mot (nr=121 nc=24)
Found 121 state vectors with time stamps ranging from 0.5 to 2.5.
Executing the analyses from 0.516667 to 1.95...
Printing results of investigation Walking_IK to C:\Users\u0113530\Documents\MuscleRedundancy\solvemuscleredundancy_dev\Examples\Walking_DeGrooteetal2016\Results\MuscleAnalysis.
Updating Model file from 30000 to latest format...
Loaded model subject1 from file C:\Users\u0113530\Documents\MuscleRedundancy\solvemuscleredundancy_dev\Examples\Walking_DeGrooteetal2016\WalkingData\subject1.osim
Updating Model file from 30000 to latest format...
Loaded model subject1 from file C:\Users\u0113530\Documents\MuscleRedundancy\solvemuscleredundancy_dev\Examples\Walking_DeGrooteetal2016\WalkingData\subject1.osim
No external loads will be applied (external loads file not specified).

Loading coordinates from file C:\Users\u0113530\Documents\MuscleRedundancy\solvemuscleredundancy_dev\Examples\Walking_DeGrooteetal2016\WalkingData\Walking_IK.mot.
Storage: read data file =C:\Users\u0113530\Documents\MuscleRedundancy\solvemuscleredundancy_dev\Examples\Walking_DeGrooteetal2016\WalkingData\Walking_IK.mot (nr=121 nc=24)
Found 121 state vectors with time stamps ranging from 0.5 to 2.5.
Executing the analyses from 0.516667 to 1.95...
Printing results of investigation Walking_IK to C:\Users\u0113530\Documents\MuscleRedundancy\solvemuscleredundancy_dev\Examples\Walking_DeGrooteetal2016\Results\MuscleAnalysis.
Updating Model file from 30000 to latest format...
Loaded model subject1 from file C:\Users\u0113530\Documents\MuscleRedundancy\solvemuscleredundancy_dev\Examples\Walking_DeGrooteetal2016\WalkingData\subject1.osim
Updating Model file from 30000 to latest format...
Loaded model subject1 from file C:\Users\u0113530\Documents\MuscleRedundancy\solvemuscleredundancy_dev\Examples\Walking_DeGrooteetal2016\WalkingData\subject1.osim
No external loads will be applied (external loads file not specified).

Loading coordinates from file C:\Users\u0113530\Documents\MuscleRedundancy\solvemuscleredundancy_dev\Examples\Walking_DeGrooteetal2016\WalkingData\Walking_IK.mot.
Storage: read data file =C:\Users\u0113530\Documents\MuscleRedundancy\solvemuscleredundancy_dev\Examples\Walking_DeGrooteetal2016\WalkingData\Walking_IK.mot (nr=121 nc=24)
Found 121 state vectors with time stamps ranging from 0.5 to 2.5.
Executing the analyses from 0.516667 to 1.95...
Printing results of investigation Walking_IK to C:\Users\u0113530\Documents\MuscleRedundancy\solvemuscleredundancy_dev\Examples\Walking_DeGrooteetal2016\Results\MuscleAnalysis.
Updating Model file from 30000 to latest format...
Loaded model subject1 from file C:\Users\u0113530\Documents\MuscleRedundancy\solvemuscleredundancy_dev\Examples\Walking_DeGrooteetal2016\WalkingData\subject1.osim
Updating Model file from 30000 to latest format...
Loaded model subject1 from file C:\Users\u0113530\Documents\MuscleRedundancy\solvemuscleredundancy_dev\Examples\Walking_DeGrooteetal2016\WalkingData\subject1.osim
No external loads will be applied (external loads file not specified).

Loading coordinates from file C:\Users\u0113530\Documents\MuscleRedundancy\solvemuscleredundancy_dev\Examples\Walking_DeGrooteetal2016\WalkingData\Walking_IK.mot.
Storage: read data file =C:\Users\u0113530\Documents\MuscleRedundancy\solvemuscleredundancy_dev\Examples\Walking_DeGrooteetal2016\WalkingData\Walking_IK.mot (nr=121 nc=24)
Found 121 state vectors with time stamps ranging from 0.5 to 2.5.
Executing the analyses from 0.516667 to 1.95...
Printing results of investigation Walking_IK to C:\Users\u0113530\Documents\MuscleRedundancy\solvemuscleredundancy_dev\Examples\Walking_DeGrooteetal2016\Results\MuscleAnalysis.
Updating Model file from 30000 to latest format...
Loaded model subject1 from file C:\Users\u0113530\Documents\MuscleRedundancy\solvemuscleredundancy_dev\Examples\Walking_DeGrooteetal2016\WalkingData\subject1.osim
Updating Model file from 30000 to latest format...
Loaded model subject1 from file C:\Users\u0113530\Documents\MuscleRedundancy\solvemuscleredundancy_dev\Examples\Walking_DeGrooteetal2016\WalkingData\subject1.osim
No external loads will be applied (external loads file not specified).

Loading coordinates from file C:\Users\u0113530\Documents\MuscleRedundancy\solvemuscleredundancy_dev\Examples\Walking_DeGrooteetal2016\WalkingData\Walking_IK.mot.
Storage: read data file =C:\Users\u0113530\Documents\MuscleRedundancy\solvemuscleredundancy_dev\Examples\Walking_DeGrooteetal2016\WalkingData\Walking_IK.mot (nr=121 nc=24)
Found 121 state vectors with time stamps ranging from 0.5 to 2.5.
Executing the analyses from 0.516667 to 1.95...
Printing results of investigation Walking_IK to C:\Users\u0113530\Documents\MuscleRedundancy\solvemuscleredundancy_dev\Examples\Walking_DeGrooteetal2016\Results\MuscleAnalysis.
Updating Model file from 30000 to latest format...
Loaded model subject1 from file C:\Users\u0113530\Documents\MuscleRedundancy\solvemuscleredundancy_dev\Examples\Walking_DeGrooteetal2016\WalkingData\subject1.osim
